<?xml version="1.0" encoding="UTF-8"?>
<!-- Generated by org.testng.reporters.JUnitXMLReporter -->
<testsuite hostname="Ashus-MacBook-Air.local" ignored="5" name="Default test" tests="1" failures="0" timestamp="18 Jul 2018 17:12:27 GMT" time="5.567" errors="0">
  <testcase name="endToEnd" time="5.491" classname="test.api.automation.TC001"/>
  <testcase name="TC001_GetMethod" time="0.0" classname="test.api.automation.TC001">
    <ignored/>
  </testcase> <!-- TC001_GetMethod -->
  <testcase name="Tc_Post" time="0.0" classname="test.api.automation.TC001">
    <ignored/>
  </testcase> <!-- Tc_Post -->
  <testcase name="TC001_GetMethod_Validation" time="0.0" classname="test.api.automation.TC001">
    <ignored/>
  </testcase> <!-- TC001_GetMethod_Validation -->
  <testcase name="TCwithBDD" time="0.0" classname="test.api.automation.TC001">
    <ignored/>
  </testcase> <!-- TCwithBDD -->
  <testcase name="TcPostObject" time="0.0" classname="test.api.automation.TC001">
    <ignored/>
  </testcase> <!-- TcPostObject -->
</testsuite> <!-- Default test -->
