<?xml version="1.0" encoding="UTF-8"?>
<testng-results skipped="0" failed="0" ignored="5" total="6" passed="1">
  <reporter-output>
  </reporter-output>
  <suite name="Default suite" duration-ms="5567" started-at="2018-07-18T17:12:17Z" finished-at="2018-07-18T17:12:22Z">
    <groups>
    </groups>
    <test name="Default test" duration-ms="5567" started-at="2018-07-18T17:12:17Z" finished-at="2018-07-18T17:12:22Z">
      <class name="test.api.automation.TC001">
        <test-method status="PASS" signature="endToEnd()[pri:0, instance:test.api.automation.TC001@47c62251]" name="endToEnd" duration-ms="5491" started-at="2018-07-18T17:12:17Z" finished-at="2018-07-18T17:12:22Z">
          <reporter-output>
          </reporter-output>
        </test-method> <!-- endToEnd -->
      </class> <!-- test.api.automation.TC001 -->
    </test> <!-- Default test -->
  </suite> <!-- Default suite -->
</testng-results>
